2021-07-22 09:49:05.480  INFO 6916 --- [main] b.i.ekl_stack.EklStackApplication        : Starting EklStackApplication using Java 11.0.10 on WIN-DQOGFATQ970 with PID 6916 (C:\Users\user\IdeaProjects\ELK_stack\target\classes started by user in C:\Users\user\IdeaProjects\ELK_stack)
2021-07-22 09:49:05.483  INFO 6916 --- [main] b.i.ekl_stack.EklStackApplication        : No active profile set, falling back to default profiles: default
2021-07-22 09:49:06.134  INFO 6916 --- [main] .s.d.r.c.RepositoryConfigurationDelegate : Bootstrapping Spring Data JPA repositories in DEFAULT mode.
2021-07-22 09:49:06.199  INFO 6916 --- [main] .s.d.r.c.RepositoryConfigurationDelegate : Finished Spring Data repository scanning in 54 ms. Found 1 JPA repository interfaces.
2021-07-22 09:49:06.620  INFO 6916 --- [main] o.s.b.w.embedded.tomcat.TomcatWebServer  : Tomcat initialized with port(s): 8080 (http)
2021-07-22 09:49:06.629  INFO 6916 --- [main] o.apache.catalina.core.StandardService   : Starting service [Tomcat]
2021-07-22 09:49:06.629  INFO 6916 --- [main] org.apache.catalina.core.StandardEngine  : Starting Servlet engine: [Apache Tomcat/9.0.48]
2021-07-22 09:49:06.699  INFO 6916 --- [main] o.a.c.c.C.[Tomcat].[localhost].[/]       : Initializing Spring embedded WebApplicationContext
2021-07-22 09:49:06.700  INFO 6916 --- [main] w.s.c.ServletWebServerApplicationContext : Root WebApplicationContext: initialization completed in 1178 ms
2021-07-22 09:49:06.832  INFO 6916 --- [main] com.zaxxer.hikari.HikariDataSource       : HikariPool-1 - Starting...
2021-07-22 09:49:06.951  INFO 6916 --- [main] com.zaxxer.hikari.HikariDataSource       : HikariPool-1 - Start completed.
2021-07-22 09:49:06.989  INFO 6916 --- [main] o.hibernate.jpa.internal.util.LogHelper  : HHH000204: Processing PersistenceUnitInfo [name: default]
2021-07-22 09:49:07.040  INFO 6916 --- [main] org.hibernate.Version                    : HHH000412: Hibernate ORM core version 5.4.32.Final
2021-07-22 09:49:07.161  INFO 6916 --- [main] o.hibernate.annotations.common.Version   : HCANN000001: Hibernate Commons Annotations {5.1.2.Final}
2021-07-22 09:49:07.257  INFO 6916 --- [main] org.hibernate.dialect.Dialect            : HHH000400: Using dialect: org.hibernate.dialect.H2Dialect
2021-07-22 09:49:07.714  INFO 6916 --- [main] o.h.e.t.j.p.i.JtaPlatformInitiator       : HHH000490: Using JtaPlatform implementation: [org.hibernate.engine.transaction.jta.platform.internal.NoJtaPlatform]
2021-07-22 09:49:07.721  INFO 6916 --- [main] j.LocalContainerEntityManagerFactoryBean : Initialized JPA EntityManagerFactory for persistence unit 'default'
2021-07-22 09:49:07.940  WARN 6916 --- [main] JpaBaseConfiguration$JpaWebConfiguration : spring.jpa.open-in-view is enabled by default. Therefore, database queries may be performed during view rendering. Explicitly configure spring.jpa.open-in-view to disable this warning
2021-07-22 09:49:08.220  INFO 6916 --- [main] o.s.b.w.embedded.tomcat.TomcatWebServer  : Tomcat started on port(s): 8080 (http) with context path ''
2021-07-22 09:49:08.230  INFO 6916 --- [main] b.i.ekl_stack.EklStackApplication        : Started EklStackApplication in 3.246 seconds (JVM running for 4.289)
2021-07-22 09:49:18.543  INFO 6916 --- [http-nio-8080-exec-1] o.a.c.c.C.[Tomcat].[localhost].[/]       : Initializing Spring DispatcherServlet 'dispatcherServlet'
2021-07-22 09:49:18.544  INFO 6916 --- [http-nio-8080-exec-1] o.s.web.servlet.DispatcherServlet        : Initializing Servlet 'dispatcherServlet'
2021-07-22 09:49:18.545  INFO 6916 --- [http-nio-8080-exec-1] o.s.web.servlet.DispatcherServlet        : Completed initialization in 0 ms
2021-07-22 09:49:18.624  INFO 6916 --- [http-nio-8080-exec-1] b.i.e.controller.PersonController        : POST request for saving person
2021-07-22 09:49:18.624  INFO 6916 --- [http-nio-8080-exec-1] b.i.ekl_stack.service.PersonServiceImpl  : Save a person
2021-07-22 09:49:28.166  INFO 6916 --- [http-nio-8080-exec-3] b.i.e.controller.PersonController        : GET request for receiving a person by ID = 1
2021-07-22 09:49:28.166  INFO 6916 --- [http-nio-8080-exec-3] b.i.ekl_stack.service.PersonServiceImpl  : Receive a person with ID = 1
